\BOOKMARK [0][-]{section*.2}{\376\377\000C\000r\000o\000s\000s\000-\000F\000r\000e\000q\000u\000e\000n\000c\000y\000\040\000T\000e\000m\000p\000e\000r\000a\000t\000u\000r\000e\000\040\000C\000o\000h\000e\000r\000e\000n\000c\000e\000\040\000o\000f\000\040\000A\000C\000T\000\040\000D\000R\0006\000\040\000M\000a\000p\000s\000:\000\040\000P\000a\000i\000r\000-\000S\000p\000e\000c\000i\000f\000i\000c\000\040\000D\000i\000a\000g\000n\000o\000s\000t\000i\000c\000s\000\040\000a\000n\000d\000\040\000S\000c\000a\000l\000e\000-\000C\000u\000t\000\040\000R\000e\000c\000o\000m\000m\000e\000n\000d\000a\000t\000i\000o\000n\000s\000\040\000f\000o\000r\000\040\000M\000u\000l\000t\000i\000-\000F\000r\000e\000q\000u\000e\000n\000c\000y\000\040\000A\000n\000a\000l\000y\000s\000e\000s}{}% 2
\BOOKMARK [1][-]{section*.1}{\376\377\000A\000b\000s\000t\000r\000a\000c\000t}{section*.2}% 1
\BOOKMARK [1][-]{section*.3}{\376\377\000I\000n\000t\000r\000o\000d\000u\000c\000t\000i\000o\000n}{section*.2}% 3
\BOOKMARK [1][-]{section*.4}{\376\377\000D\000a\000t\000a}{section*.2}% 4
\BOOKMARK [2][-]{section*.5}{\376\377\000C\000h\000a\000n\000n\000e\000l\000\040\000s\000e\000l\000e\000c\000t\000i\000o\000n}{section*.4}% 5
\BOOKMARK [2][-]{section*.6}{\376\377\000C\000o\000m\000m\000o\000n\000\040\000m\000a\000s\000k}{section*.4}% 6
\BOOKMARK [2][-]{section*.7}{\376\377\000B\000e\000a\000m\000s}{section*.4}% 7
\BOOKMARK [1][-]{section*.8}{\376\377\000M\000e\000t\000h\000o\000d\000s}{section*.2}% 8
\BOOKMARK [2][-]{section*.9}{\376\377\000S\000p\000l\000i\000t\000-\000c\000r\000o\000s\000s\000\040\000p\000o\000w\000e\000r\000\040\000s\000p\000e\000c\000t\000r\000a}{section*.8}% 9
\BOOKMARK [2][-]{section*.10}{\376\377\000C\000r\000o\000s\000s\000-\000c\000o\000r\000r\000e\000l\000a\000t\000i\000o\000n\000\040\000c\000o\000e\000f\000f\000i\000c\000i\000e\000n\000t}{section*.8}% 10
\BOOKMARK [2][-]{section*.11}{\376\377\000B\000e\000a\000m\000-\000a\000w\000a\000r\000e\000\040\000i\000n\000t\000e\000r\000p\000r\000e\000t\000a\000t\000i\000o\000n}{section*.8}% 11
\BOOKMARK [2][-]{section*.12}{\376\377\000P\000a\000i\000r\000-\000s\000p\000e\000c\000i\000f\000i\000c\000\040\000s\000t\000a\000b\000i\000l\000i\000t\000y\000\040\000w\000i\000n\000d\000o\000w\000s}{section*.8}% 12
\BOOKMARK [1][-]{section*.13}{\376\377\000R\000e\000s\000u\000l\000t\000s}{section*.2}% 13
\BOOKMARK [2][-]{section*.14}{\376\377\000C\000o\000m\000m\000o\000n\000-\000m\000a\000s\000k\000\040\000s\000k\000y\000\040\000f\000r\000a\000c\000t\000i\000o\000n}{section*.13}% 14
\BOOKMARK [2][-]{section*.15}{\376\377\000C\000o\000h\000e\000r\000e\000n\000c\000e\000\040\000d\000i\000a\000g\000n\000o\000s\000t\000i\000c\000\040\000m\000a\000t\000r\000i\000x}{section*.13}% 15
\BOOKMARK [2][-]{section*.16}{\376\377\0001\0005\0000\000G\000H\000z\000\040\000f\000a\000m\000i\000l\000y\000\040\000c\000o\000n\000s\000i\000s\000t\000e\000n\000c\000y}{section*.13}% 16
\BOOKMARK [2][-]{section*.17}{\376\377\0009\0000\000x\0009\0000\000\040\000c\000o\000n\000s\000i\000s\000t\000e\000n\000c\000y}{section*.13}% 17
\BOOKMARK [2][-]{section*.18}{\376\377\0009\0000\000x\0001\0005\0000\000\040\000c\000o\000m\000p\000a\000r\000i\000s\000o\000n\000s}{section*.13}% 18
\BOOKMARK [2][-]{section*.19}{\376\377\0002\0002\0000\000-\000r\000e\000l\000a\000t\000e\000d\000\040\000c\000o\000m\000p\000a\000r\000i\000s\000o\000n\000s}{section*.13}% 19
\BOOKMARK [2][-]{section*.20}{\376\377\000S\000c\000a\000l\000e\000-\000c\000u\000t\000\040\000s\000u\000m\000m\000a\000r\000y}{section*.13}% 20
\BOOKMARK [1][-]{section*.21}{\376\377\000B\000e\000a\000m\000-\000E\000n\000v\000e\000l\000o\000p\000e\000\040\000I\000n\000t\000e\000r\000p\000r\000e\000t\000a\000t\000i\000o\000n\000\040\000a\000n\000d\000\040\000D\000i\000a\000g\000n\000o\000s\000t\000i\000c\000s}{section*.2}% 21
\BOOKMARK [2][-]{section*.22}{\376\377\000B\000e\000a\000m\000\040\000e\000n\000v\000e\000l\000o\000p\000e\000\040\000s\000e\000m\000a\000n\000t\000i\000c\000s}{section*.21}% 22
\BOOKMARK [2][-]{section*.23}{\376\377\000P\000r\000o\000p\000a\000g\000a\000t\000i\000o\000n\000\040\000t\000o\000\040\000c\000r\000o\000s\000s\000-\000s\000p\000e\000c\000t\000r\000a}{section*.21}% 23
\BOOKMARK [2][-]{section*.24}{\376\377\000S\000t\000a\000t\000u\000s\000\040\000o\000f\000\040\000t\000h\000e\000\040\000p\000a\0004\000\137\000f\0002\0002\0000\000\040\000c\000h\000a\000n\000n\000e\000l}{section*.21}% 24
\BOOKMARK [1][-]{section*.25}{\376\377\000D\000i\000s\000c\000u\000s\000s\000i\000o\000n}{section*.2}% 25
\BOOKMARK [2][-]{section*.26}{\376\377\000I\000m\000p\000l\000i\000c\000a\000t\000i\000o\000n\000s\000\040\000f\000o\000r\000\040\000m\000u\000l\000t\000i\000-\000f\000r\000e\000q\000u\000e\000n\000c\000y\000\040\000a\000n\000a\000l\000y\000s\000e\000s}{section*.25}% 26
\BOOKMARK [2][-]{section*.27}{\376\377\000C\000o\000m\000p\000a\000r\000i\000s\000o\000n\000\040\000w\000i\000t\000h\000\040\000o\000t\000h\000e\000r\000\040\000e\000x\000p\000e\000r\000i\000m\000e\000n\000t\000s}{section*.25}% 27
\BOOKMARK [2][-]{section*.28}{\376\377\000L\000i\000m\000i\000t\000a\000t\000i\000o\000n\000s}{section*.25}% 28
\BOOKMARK [1][-]{section*.29}{\376\377\000C\000o\000n\000c\000l\000u\000s\000i\000o\000n\000s}{section*.2}% 29
\BOOKMARK [1][-]{section*.30}{\376\377\000A\000c\000k\000n\000o\000w\000l\000e\000d\000g\000m\000e\000n\000t\000s}{section*.2}% 30
\BOOKMARK [1][-]{section*.31}{\376\377\000R\000e\000f\000e\000r\000e\000n\000c\000e\000s}{section*.2}% 31
